Using pre-set license
Built from '2020.3/staging' branch; Version is '2020.3.4f1 (0abb6314276a) revision 703331'; Using compiler version '192528614'; Build Type 'Release'
OS: 'Windows 10 Pro; OS build 19042.985; Version 2009; 64bit' Language: 'en' Physical Memory: 8100 MB
BatchMode: 1, IsHumanControllingUs: 0, StartBugReporterOnCrash: 0, Is64bit: 1, IsPro: 0

 COMMAND LINE ARGUMENTS:
C:\Program Files\Unity\Hub\Editor\2020.3.4f1\Editor\Unity.exe
-adb2
-batchMode
-noUpm
-name
AssetImportWorker0
-projectPath
E:/Gaming/ColorPlayGame
-logFile
Logs/AssetImportWorker0.log
-srvPort
53006
Successfully changed project path to: E:/Gaming/ColorPlayGame
E:/Gaming/ColorPlayGame
Using Asset Import Pipeline V2.
Refreshing native plugins compatible for Editor in 74.05 ms, found 0 plugins.
Preloading 0 native plugins for Editor in 0.00 ms.
Initialize engine version: 2020.3.4f1 (0abb6314276a)
[Subsystems] Discovering subsystems at path C:/Program Files/Unity/Hub/Editor/2020.3.4f1/Editor/Data/Resources/UnitySubsystems
[Subsystems] Discovering subsystems at path E:/Gaming/ColorPlayGame/Assets
GfxDevice: creating device client; threaded=0
Direct3D:
    Version:  Direct3D 11.0 [level 11.1]
    Renderer: Intel(R) HD Graphics 4600 (ID=0x412)
    Vendor:   
    VRAM:     2048 MB
    Driver:   20.19.15.4835
Initialize mono
Mono path[0] = 'C:/Program Files/Unity/Hub/Editor/2020.3.4f1/Editor/Data/Managed'
Mono path[1] = 'C:/Program Files/Unity/Hub/Editor/2020.3.4f1/Editor/Data/MonoBleedingEdge/lib/mono/unityjit'
Mono config path = 'C:/Program Files/Unity/Hub/Editor/2020.3.4f1/Editor/Data/MonoBleedingEdge/etc'
Using monoOptions --debugger-agent=transport=dt_socket,embedding=1,server=y,suspend=n,address=127.0.0.1:56492
Begin MonoManager ReloadAssembly
Registering precompiled unity dll's ...
Register platform support module: C:/Program Files/Unity/Hub/Editor/2020.3.4f1/Editor/Data/PlaybackEngines/WebGLSupport/UnityEditor.WebGL.Extensions.dll
Register platform support module: C:/Program Files/Unity/Hub/Editor/2020.3.4f1/Editor/Data/PlaybackEngines/WindowsStandaloneSupport/UnityEditor.WindowsStandalone.Extensions.dll
Registered in 0.011033 seconds.
Native extension for WindowsStandalone target not found
Native extension for WebGL target not found
Refreshing native plugins compatible for Editor in 47.67 ms, found 0 plugins.
Preloading 0 native plugins for Editor in 0.00 ms.
Mono: successfully reloaded assembly
- Completed reload, in  2.833 seconds
Platform modules already initialized, skipping
Registering precompiled user dll's ...
Registered in 0.002265 seconds.
Begin MonoManager ReloadAssembly
Native extension for WindowsStandalone target not found
Native extension for WebGL target not found
Refreshing native plugins compatible for Editor in 0.83 ms, found 0 plugins.
Preloading 0 native plugins for Editor in 0.00 ms.
Mono: successfully reloaded assembly
- Completed reload, in  1.954 seconds
Platform modules already initialized, skipping
========================================================================
Worker process is ready to serve import requests
Launched and connected shader compiler UnityShaderCompiler.exe after 0.10 seconds
Refreshing native plugins compatible for Editor in 0.73 ms, found 0 plugins.
Preloading 0 native plugins for Editor in 0.00 ms.
Unloading 1164 Unused Serialized files (Serialized files now loaded: 0)
System memory in use before: 60.3 MB.
System memory in use after: 60.3 MB.

Unloading 10 unused Assets to reduce memory usage. Loaded Objects now: 1607.
Total: 6.699500 ms (FindLiveObjects: 0.480700 ms CreateObjectMapping: 0.221400 ms MarkObjects: 5.825200 ms  DeleteObjects: 0.169500 ms)

========================================================================
Received Import Request.
  path: Assets/MainMenu.cs
  artifactKey: Guid(70375e3c2def4c249b885a8f785f8bed) Importer(815301076,1909f56bfc062723c751e8b465ee728b)
Start importing Assets/MainMenu.cs using Guid(70375e3c2def4c249b885a8f785f8bed) Importer(815301076,1909f56bfc062723c751e8b465ee728b)  -> (artifact id: 'a48f766cc44bdcb645095275ce02203f') in 0.122628 seconds
  Import took 0.148863 seconds .

========================================================================
Received Import Request.
  Time since last request: 516.694799 seconds.
  path: Assets/LevelLoader.cs
  artifactKey: Guid(265ff68ac583f2e4f8f87e4ff30a61b8) Importer(815301076,1909f56bfc062723c751e8b465ee728b)
Start importing Assets/LevelLoader.cs using Guid(265ff68ac583f2e4f8f87e4ff30a61b8) Importer(815301076,1909f56bfc062723c751e8b465ee728b)  -> (artifact id: '2077731f604839f0730c7ce0ce178eee') in 0.005513 seconds
  Import took 0.036208 seconds .

========================================================================
Received Import Request.
  Time since last request: 0.032847 seconds.
  path: Assets/LevelLoader.cs
  artifactKey: Guid(265ff68ac583f2e4f8f87e4ff30a61b8) Importer(815301076,1909f56bfc062723c751e8b465ee728b)
Start importing Assets/LevelLoader.cs using Guid(265ff68ac583f2e4f8f87e4ff30a61b8) Importer(815301076,1909f56bfc062723c751e8b465ee728b)  -> (artifact id: '2077731f604839f0730c7ce0ce178eee') in 0.005687 seconds
  Import took 0.010551 seconds .

========================================================================
Received Prepare
Registering precompiled user dll's ...
Registered in 0.001437 seconds.
Begin MonoManager ReloadAssembly
Native extension for WindowsStandalone target not found
Native extension for WebGL target not found
Refreshing native plugins compatible for Editor in 0.71 ms, found 0 plugins.
Preloading 0 native plugins for Editor in 0.00 ms.
Mono: successfully reloaded assembly
- Completed reload, in  2.000 seconds
Platform modules already initialized, skipping
Refreshing native plugins compatible for Editor in 2.06 ms, found 0 plugins.
Preloading 0 native plugins for Editor in 0.00 ms.
Unloading 1146 Unused Serialized files (Serialized files now loaded: 0)
System memory in use before: 58.9 MB.
System memory in use after: 59.0 MB.

Unloading 5 unused Assets to reduce memory usage. Loaded Objects now: 1610.
Total: 4.090600 ms (FindLiveObjects: 0.547700 ms CreateObjectMapping: 0.105000 ms MarkObjects: 3.286800 ms  DeleteObjects: 0.145800 ms)

========================================================================
Received Prepare
Registering precompiled user dll's ...
Registered in 0.001368 seconds.
Begin MonoManager ReloadAssembly
Native extension for WindowsStandalone target not found
Native extension for WebGL target not found
Refreshing native plugins compatible for Editor in 0.26 ms, found 0 plugins.
Preloading 0 native plugins for Editor in 0.00 ms.
Mono: successfully reloaded assembly
- Completed reload, in  1.054 seconds
Platform modules already initialized, skipping
Refreshing native plugins compatible for Editor in 1.11 ms, found 0 plugins.
Preloading 0 native plugins for Editor in 0.00 ms.
Unloading 1146 Unused Serialized files (Serialized files now loaded: 0)
System memory in use before: 58.9 MB.
System memory in use after: 59.0 MB.

Unloading 5 unused Assets to reduce memory usage. Loaded Objects now: 1613.
Total: 1.981700 ms (FindLiveObjects: 0.162500 ms CreateObjectMapping: 0.053500 ms MarkObjects: 1.692700 ms  DeleteObjects: 0.072100 ms)

========================================================================
Received Import Request.
  Time since last request: 1231.368285 seconds.
  path: Assets/Menu.unity
  artifactKey: Guid(cc4d8ed011af48e42b4d33b4ef4c0833) Importer(815301076,1909f56bfc062723c751e8b465ee728b)
Start importing Assets/Menu.unity using Guid(cc4d8ed011af48e42b4d33b4ef4c0833) Importer(815301076,1909f56bfc062723c751e8b465ee728b)  -> (artifact id: '8341c71484c591df748f6db8fc9caade') in 0.015590 seconds
  Import took 0.041949 seconds .

========================================================================
Received Prepare
Registering precompiled user dll's ...
Registered in 0.000709 seconds.
Begin MonoManager ReloadAssembly
Native extension for WindowsStandalone target not found
Native extension for WebGL target not found
Refreshing native plugins compatible for Editor in 0.25 ms, found 0 plugins.
Preloading 0 native plugins for Editor in 0.00 ms.
Mono: successfully reloaded assembly
- Completed reload, in  0.890 seconds
Platform modules already initialized, skipping
Refreshing native plugins compatible for Editor in 0.45 ms, found 0 plugins.
Preloading 0 native plugins for Editor in 0.00 ms.
Unloading 1146 Unused Serialized files (Serialized files now loaded: 0)
System memory in use before: 59.0 MB.
System memory in use after: 59.0 MB.

Unloading 5 unused Assets to reduce memory usage. Loaded Objects now: 1616.
Total: 1.955700 ms (FindLiveObjects: 0.159700 ms CreateObjectMapping: 0.077100 ms MarkObjects: 1.659500 ms  DeleteObjects: 0.058400 ms)

========================================================================
Received Import Request.
  Time since last request: 86.797119 seconds.
  path: Assets/Game.unity
  artifactKey: Guid(b033bc04eb965a341baa933034aaee83) Importer(815301076,1909f56bfc062723c751e8b465ee728b)
Start importing Assets/Game.unity using Guid(b033bc04eb965a341baa933034aaee83) Importer(815301076,1909f56bfc062723c751e8b465ee728b)  -> (artifact id: 'c2031051a75c59adaab4ce24c13df327') in 0.015645 seconds
  Import took 0.044792 seconds .

========================================================================
Received Prepare
Registering precompiled user dll's ...
Registered in 0.000800 seconds.
Begin MonoManager ReloadAssembly
Native extension for WindowsStandalone target not found
Native extension for WebGL target not found
Refreshing native plugins compatible for Editor in 0.67 ms, found 0 plugins.
Preloading 0 native plugins for Editor in 0.00 ms.
Mono: successfully reloaded assembly
- Completed reload, in  0.908 seconds
Platform modules already initialized, skipping
Refreshing native plugins compatible for Editor in 0.60 ms, found 0 plugins.
Preloading 0 native plugins for Editor in 0.00 ms.
Unloading 1146 Unused Serialized files (Serialized files now loaded: 0)
System memory in use before: 59.0 MB.
System memory in use after: 59.0 MB.

Unloading 5 unused Assets to reduce memory usage. Loaded Objects now: 1619.
Total: 2.093400 ms (FindLiveObjects: 0.156500 ms CreateObjectMapping: 0.072900 ms MarkObjects: 1.803500 ms  DeleteObjects: 0.059400 ms)

========================================================================
Received Prepare
Registering precompiled user dll's ...
Registered in 0.006678 seconds.
Begin MonoManager ReloadAssembly
Native extension for WindowsStandalone target not found
Native extension for WebGL target not found
Refreshing native plugins compatible for Editor in 0.28 ms, found 0 plugins.
Preloading 0 native plugins for Editor in 0.00 ms.
Mono: successfully reloaded assembly
- Completed reload, in  2.123 seconds
Platform modules already initialized, skipping
Refreshing native plugins compatible for Editor in 0.43 ms, found 0 plugins.
Preloading 0 native plugins for Editor in 0.00 ms.
Unloading 1146 Unused Serialized files (Serialized files now loaded: 0)
System memory in use before: 59.0 MB.
System memory in use after: 59.0 MB.

Unloading 5 unused Assets to reduce memory usage. Loaded Objects now: 1622.
Total: 4.635100 ms (FindLiveObjects: 0.312100 ms CreateObjectMapping: 0.169900 ms MarkObjects: 3.989600 ms  DeleteObjects: 0.162300 ms)

========================================================================
Received Import Request.
  Time since last request: 4892.528064 seconds.
  path: Assets/Game.unity
  artifactKey: Guid(b033bc04eb965a341baa933034aaee83) Importer(815301076,1909f56bfc062723c751e8b465ee728b)
Start importing Assets/Game.unity using Guid(b033bc04eb965a341baa933034aaee83) Importer(815301076,1909f56bfc062723c751e8b465ee728b)  -> (artifact id: 'd97b02ad4a3f872967647dad800ffadf') in 0.013202 seconds
  Import took 0.067380 seconds .

========================================================================
Received Import Request.
  Time since last request: 33.821291 seconds.
  path: Assets/New Material.mat
  artifactKey: Guid(fe625f33be802b34db9ce3e7184ff855) Importer(815301076,1909f56bfc062723c751e8b465ee728b)
Start importing Assets/New Material.mat using Guid(fe625f33be802b34db9ce3e7184ff855) Importer(815301076,1909f56bfc062723c751e8b465ee728b)  -> (artifact id: 'c2138e4774e15f639abe3b51bc496040') in 0.528118 seconds
  Import took 0.530689 seconds .

========================================================================
Received Prepare
Registering precompiled user dll's ...
Registered in 0.001052 seconds.
Begin MonoManager ReloadAssembly
Native extension for WindowsStandalone target not found
Native extension for WebGL target not found
Refreshing native plugins compatible for Editor in 0.30 ms, found 0 plugins.
Preloading 0 native plugins for Editor in 0.00 ms.
Mono: successfully reloaded assembly
- Completed reload, in  1.101 seconds
Platform modules already initialized, skipping
Refreshing native plugins compatible for Editor in 0.39 ms, found 0 plugins.
Preloading 0 native plugins for Editor in 0.00 ms.
Unloading 1146 Unused Serialized files (Serialized files now loaded: 0)
System memory in use before: 62.3 MB.
System memory in use after: 62.4 MB.

Unloading 5 unused Assets to reduce memory usage. Loaded Objects now: 1665.
Total: 10.713000 ms (FindLiveObjects: 0.184700 ms CreateObjectMapping: 0.078900 ms MarkObjects: 10.383000 ms  DeleteObjects: 0.064600 ms)

AssetImportWorkerClient::OnTransportError - code=2 error=End of file
